<?xml version="1.0" encoding="utf-8"?><testsuites name="pytest tests"><testsuite name="pytest" errors="0" failures="0" skipped="0" tests="28" time="8.554" timestamp="2026-05-22T22:03:56.968524+00:00" hostname="agent-env-53ec6981-02c0-4716-95c4-af8f505febae"><testcase classname="backend.tests.test_chat_and_password_reset.TestChatFlow" name="test_start_conversation_client_to_pro" time="0.825" /><testcase classname="backend.tests.test_chat_and_password_reset.TestChatFlow" name="test_start_conversation_idempotent" time="0.132" /><testcase classname="backend.tests.test_chat_and_password_reset.TestChatFlow" name="test_start_conversation_with_self_rejected" time="0.122" /><testcase classname="backend.tests.test_chat_and_password_reset.TestChatFlow" name="test_list_conversations_client" time="0.109" /><testcase classname="backend.tests.test_chat_and_password_reset.TestChatFlow" name="test_list_conversations_admin_blocked" time="0.490" /><testcase classname="backend.tests.test_chat_and_password_reset.TestChatFlow" name="test_get_conversation_as_participant" time="0.119" /><testcase classname="backend.tests.test_chat_and_password_reset.TestChatFlow" name="test_get_conversation_non_participant_forbidden" time="0.489" /><testcase classname="backend.tests.test_chat_and_password_reset.TestChatFlow" name="test_send_message_client" time="0.121" /><testcase classname="backend.tests.test_chat_and_password_reset.TestChatFlow" name="test_send_empty_message_rejected" time="0.128" /><testcase classname="backend.tests.test_chat_and_password_reset.TestChatFlow" name="test_list_messages_clears_unread_for_pro" time="0.246" /><testcase classname="backend.tests.test_chat_and_password_reset.TestChatFlow" name="test_send_message_pro_reply" time="0.115" /><testcase classname="backend.tests.test_chat_and_password_reset.TestChatFlow" name="test_invalid_attachment_path_rejected" time="0.130" /><testcase classname="backend.tests.test_chat_and_password_reset.TestChatAttachments" name="test_upload_invalid_extension" time="0.123" /><testcase classname="backend.tests.test_chat_and_password_reset.TestChatAttachments" name="test_upload_valid_image" time="0.621" /><testcase classname="backend.tests.test_chat_and_password_reset.TestChatAttachments" name="test_send_message_with_valid_attachment" time="0.131" /><testcase classname="backend.tests.test_chat_and_password_reset.TestAdminModeration" name="test_admin_can_list_all_conversations" time="0.112" /><testcase classname="backend.tests.test_chat_and_password_reset.TestAdminModeration" name="test_non_admin_cannot_access_admin_conversations" time="0.141" /><testcase classname="backend.tests.test_chat_and_password_reset.TestAdminModeration" name="test_admin_can_view_any_conversation_messages" time="0.133" /><testcase classname="backend.tests.test_chat_and_password_reset.TestPasswordReset" name="test_forgot_password_generic_response_unknown_email" time="0.117" /><testcase classname="backend.tests.test_chat_and_password_reset.TestPasswordReset" name="test_forgot_password_real_email_generic_response_no_link_in_body" time="0.137" /><testcase classname="backend.tests.test_chat_and_password_reset.TestPasswordReset" name="test_forgot_password_logs_link_when_resend_missing" time="1.119" /><testcase classname="backend.tests.test_chat_and_password_reset.TestPasswordReset" name="test_reset_password_with_valid_token_flow" time="1.840" /><testcase classname="backend.tests.test_chat_and_password_reset.TestPasswordReset" name="test_reset_password_invalid_token_rejected" time="0.143" /><testcase classname="backend.tests.test_chat_and_password_reset.TestRegression" name="test_login_admin" time="0.337" /><testcase classname="backend.tests.test_chat_and_password_reset.TestRegression" name="test_professionals_list" time="0.144" /><testcase classname="backend.tests.test_chat_and_password_reset.TestRegression" name="test_jobs_list" time="0.128" /><testcase classname="backend.tests.test_chat_and_password_reset.TestRegression" name="test_wallet_balance" time="0.109" /><testcase classname="backend.tests.test_chat_and_password_reset.TestRegression" name="test_admin_stats" time="0.130" /></testsuite></testsuites>