<?xml version="1.0" encoding="utf-8"?><testsuites name="pytest tests"><testsuite name="pytest" errors="0" failures="1" skipped="0" tests="9" time="2.197" timestamp="2026-07-08T15:32:35.676897+00:00" hostname="agent-env-53ec6981-02c0-4716-95c4-af8f505febae"><testcase classname="backend.tests.test_ledger_password.TestAdminLedger" name="test_ledger_returns_200_with_summary" time="0.573" /><testcase classname="backend.tests.test_ledger_password.TestAdminLedger" name="test_ledger_filter_by_deposit" time="0.115" /><testcase classname="backend.tests.test_ledger_password.TestAdminLedger" name="test_reconciled_entry_present" time="0.256" /><testcase classname="backend.tests.test_ledger_password.TestAdminLedger" name="test_bad_doc_regression" time="0.212" /><testcase classname="backend.tests.test_ledger_password.TestAdminLedger" name="test_dashboard_charts_200" time="0.168"><failure message="assert 404 == 200&#10; +  where 404 = &lt;Response [404]&gt;.status_code">backend/tests/test_ledger_password.py:90: in test_dashboard_charts_200
    assert r.status_code == 200
E   assert 404 == 200
E    +  where 404 = &lt;Response [404]&gt;.status_code</failure></testcase><testcase classname="backend.tests.test_ledger_password.TestAdminLedger" name="test_admin_stats_200" time="0.161" /><testcase classname="backend.tests.test_ledger_password.TestChangePasswordNegative" name="test_wrong_current_password" time="0.338" /><testcase classname="backend.tests.test_ledger_password.TestChangePasswordNegative" name="test_new_password_too_short" time="0.099" /><testcase classname="backend.tests.test_ledger_password.TestChangePasswordNegative" name="test_new_equals_current" time="0.132" /></testsuite></testsuites>