<?xml version="1.0" encoding="utf-8"?><testsuites name="pytest tests"><testsuite name="pytest" errors="0" failures="0" skipped="0" tests="25" time="6.556" timestamp="2026-05-27T20:55:04.153829+00:00" hostname="agent-env-53ec6981-02c0-4716-95c4-af8f505febae"><testcase classname="backend.tests.test_kyc_and_push" name="test_login_admin_ok" time="0.336" /><testcase classname="backend.tests.test_kyc_and_push" name="test_login_pro_ok" time="0.365" /><testcase classname="backend.tests.test_kyc_and_push" name="test_upload_id_rejects_invalid_side" time="0.437" /><testcase classname="backend.tests.test_kyc_and_push" name="test_upload_id_rejects_pdf" time="0.110" /><testcase classname="backend.tests.test_kyc_and_push" name="test_upload_id_rejects_txt" time="0.124" /><testcase classname="backend.tests.test_kyc_and_push" name="test_upload_id_rejects_too_large" time="0.522" /><testcase classname="backend.tests.test_kyc_and_push" name="test_upload_id_requires_auth" time="0.105" /><testcase classname="backend.tests.test_kyc_and_push" name="test_uploaded_kyc_status" time="1.038" /><testcase classname="backend.tests.test_kyc_and_push" name="test_file_access_owner" time="0.224" /><testcase classname="backend.tests.test_kyc_and_push" name="test_file_access_admin" time="0.606" /><testcase classname="backend.tests.test_kyc_and_push" name="test_file_access_other_user_forbidden" time="0.519" /><testcase classname="backend.tests.test_kyc_and_push" name="test_file_access_no_auth_forbidden" time="0.118" /><testcase classname="backend.tests.test_kyc_and_push" name="test_admin_list_pending_kyc" time="0.119" /><testcase classname="backend.tests.test_kyc_and_push" name="test_admin_list_pending_kyc_forbidden_for_non_admin" time="0.116" /><testcase classname="backend.tests.test_kyc_and_push" name="test_admin_get_user_kyc_detail" time="0.104" /><testcase classname="backend.tests.test_kyc_and_push" name="test_admin_get_user_kyc_forbidden_for_non_admin" time="0.117" /><testcase classname="backend.tests.test_kyc_and_push" name="test_admin_verify_rejects_without_both_sides" time="0.139" /><testcase classname="backend.tests.test_kyc_and_push" name="test_admin_verify_approve_then_reject_flow" time="0.418" /><testcase classname="backend.tests.test_kyc_and_push" name="test_admin_verify_forbidden_for_non_admin" time="0.122" /><testcase classname="backend.tests.test_kyc_and_push" name="test_public_professional_does_not_leak_kyc_fields" time="0.254" /><testcase classname="backend.tests.test_kyc_and_push" name="test_regression_professionals_search" time="0.109" /><testcase classname="backend.tests.test_kyc_and_push" name="test_regression_wallet_balance" time="0.116" /><testcase classname="backend.tests.test_kyc_and_push" name="test_regression_jobs_available" time="0.122" /><testcase classname="backend.tests.test_kyc_and_push" name="test_regression_conversations_list" time="0.134" /><testcase classname="backend.tests.test_kyc_and_push" name="test_notifications_subscribe_stub" time="0.122" /></testsuite></testsuites>