<?xml version="1.0" encoding="utf-8"?><testsuites name="pytest tests"><testsuite name="pytest" errors="0" failures="0" skipped="0" tests="8" time="1.484" timestamp="2026-07-07T07:06:07.629153+00:00" hostname="agent-env-53ec6981-02c0-4716-95c4-af8f505febae"><testcase classname="backend.tests.test_mpesa_reconciliation" name="test_success_callback_reconciles_prematurely_failed" time="0.152" /><testcase classname="backend.tests.test_mpesa_reconciliation" name="test_success_callback_idempotency" time="0.273" /><testcase classname="backend.tests.test_mpesa_reconciliation" name="test_cancel_callback_does_not_overwrite_completed" time="0.140" /><testcase classname="backend.tests.test_mpesa_reconciliation" name="test_happy_path_success_callback" time="0.133" /><testcase classname="backend.tests.test_mpesa_reconciliation" name="test_failure_path_cancel_callback" time="0.104" /><testcase classname="backend.tests.test_mpesa_reconciliation" name="test_deposit_status_young_pending_does_not_flip" time="0.112" /><testcase classname="backend.tests.test_mpesa_reconciliation" name="test_admin_stats_includes_reconciled_deposits" time="0.442" /><testcase classname="backend.tests.test_mpesa_reconciliation" name="test_historical_stuck_txn_reconciled" time="0.002" /></testsuite></testsuites>