<?xml version="1.0" encoding="utf-8"?><testsuites name="pytest tests"><testsuite name="pytest" errors="0" failures="0" skipped="0" tests="16" time="11.268" timestamp="2026-03-15T13:18:15.074562+00:00" hostname="agent-env-12772c43-8cd7-4043-8398-bb3f7133bc77"><testcase classname="backend.tests.test_ledger_system.TestDisplayIDGeneration" name="test_client_registration_generates_display_id" time="0.524" /><testcase classname="backend.tests.test_ledger_system.TestDisplayIDGeneration" name="test_professional_registration_generates_display_id" time="0.342" /><testcase classname="backend.tests.test_ledger_system.TestWalletLedgerIntegration" name="test_deposit_creates_ledger_entry" time="0.559" /><testcase classname="backend.tests.test_ledger_system.TestWalletLedgerIntegration" name="test_withdrawal_creates_ledger_entry" time="0.690" /><testcase classname="backend.tests.test_ledger_system.TestWalletLedgerIntegration" name="test_insufficient_balance_withdrawal_fails" time="0.476" /><testcase classname="backend.tests.test_ledger_system.TestAdminLedgerEndpoints" name="test_admin_ledger_returns_entries_with_summary" time="0.492" /><testcase classname="backend.tests.test_ledger_system.TestAdminLedgerEndpoints" name="test_admin_ledger_filter_by_type" time="0.431" /><testcase classname="backend.tests.test_ledger_system.TestAdminLedgerEndpoints" name="test_admin_ledger_entries_have_transaction_ids" time="0.453" /><testcase classname="backend.tests.test_ledger_system.TestAdminLedgerEndpoints" name="test_admin_ledger_entries_have_user_info" time="0.444" /><testcase classname="backend.tests.test_ledger_system.TestAdminLedgerEndpoints" name="test_admin_ledger_user_specific" time="0.561" /><testcase classname="backend.tests.test_ledger_system.TestAdminLedgerEndpoints" name="test_admin_ledger_requires_admin_role" time="0.774" /><testcase classname="backend.tests.test_ledger_system.TestUserLedgerEndpoint" name="test_user_can_view_own_ledger" time="0.606" /><testcase classname="backend.tests.test_ledger_system.TestJobAndBookingDisplayIDs" name="test_job_creation_generates_display_id" time="0.912" /><testcase classname="backend.tests.test_ledger_system.TestJobAndBookingDisplayIDs" name="test_booking_creation_generates_display_id" time="0.868" /><testcase classname="backend.tests.test_ledger_system.TestPaymentLedgerFlow" name="test_payment_initiation_creates_escrow_ledger_entry" time="1.437" /><testcase classname="backend.tests.test_ledger_system.TestPaymentLedgerFlow" name="test_payment_release_creates_multiple_ledger_entries" time="1.563" /></testsuite></testsuites>