<?xml version="1.0" encoding="utf-8"?><testsuites name="pytest tests"><testsuite name="pytest" errors="0" failures="0" skipped="0" tests="14" time="5.779" timestamp="2026-03-15T14:14:46.676062+00:00" hostname="agent-env-452318b4-d878-4dfe-bfce-a057089cf640"><testcase classname="backend.tests.test_profile_features.TestClientProfileFeatures" name="test_client_login_success" time="0.739" /><testcase classname="backend.tests.test_profile_features.TestClientProfileFeatures" name="test_get_current_user_profile" time="0.383" /><testcase classname="backend.tests.test_profile_features.TestClientProfileFeatures" name="test_update_user_profile" time="0.457" /><testcase classname="backend.tests.test_profile_features.TestClientProfileFeatures" name="test_update_profile_empty_data_rejected" time="0.375" /><testcase classname="backend.tests.test_profile_features.TestClientProfileFeatures" name="test_upload_profile_photo" time="0.437" /><testcase classname="backend.tests.test_profile_features.TestClientProfileFeatures" name="test_upload_profile_photo_base64" time="0.395" /><testcase classname="backend.tests.test_profile_features.TestClientProfileFeatures" name="test_client_dashboard_endpoint" time="0.389" /><testcase classname="backend.tests.test_profile_features.TestProfessionalProfilePhotoFeatures" name="test_professional_login_success" time="0.606" /><testcase classname="backend.tests.test_profile_features.TestProfessionalProfilePhotoFeatures" name="test_professional_get_profile" time="0.373" /><testcase classname="backend.tests.test_profile_features.TestProfessionalProfilePhotoFeatures" name="test_professional_upload_profile_photo" time="0.465" /><testcase classname="backend.tests.test_profile_features.TestProfessionalProfilePhotoFeatures" name="test_professional_profile_exists" time="0.400" /><testcase classname="backend.tests.test_profile_features.TestProfileAuthorizationAndEdgeCases" name="test_profile_update_requires_auth" time="0.122" /><testcase classname="backend.tests.test_profile_features.TestProfileAuthorizationAndEdgeCases" name="test_profile_photo_upload_requires_auth" time="0.114" /><testcase classname="backend.tests.test_profile_features.TestProfileAuthorizationAndEdgeCases" name="test_client_dashboard_requires_client_role" time="0.416" /></testsuite></testsuites>