<?xml version="1.0" encoding="utf-8"?><testsuites name="pytest tests"><testsuite name="pytest" errors="0" failures="0" skipped="0" tests="21" time="5.685" timestamp="2026-02-01T00:22:52.256464+00:00" hostname="agent-env-12772c43-8cd7-4043-8398-bb3f7133bc77"><testcase classname="backend.tests.test_new_features.TestWalletFeatures" name="test_01_get_wallet_balance" time="0.756" /><testcase classname="backend.tests.test_new_features.TestWalletFeatures" name="test_02_deposit_to_wallet" time="0.146" /><testcase classname="backend.tests.test_new_features.TestWalletFeatures" name="test_03_deposit_validation_negative_amount" time="0.052" /><testcase classname="backend.tests.test_new_features.TestWalletFeatures" name="test_04_deposit_validation_max_amount" time="0.046" /><testcase classname="backend.tests.test_new_features.TestWalletFeatures" name="test_05_withdraw_from_wallet" time="0.099" /><testcase classname="backend.tests.test_new_features.TestWalletFeatures" name="test_06_withdraw_insufficient_balance" time="0.045" /><testcase classname="backend.tests.test_new_features.TestWalletFeatures" name="test_07_get_wallet_transactions" time="0.049" /><testcase classname="backend.tests.test_new_features.TestNotificationFeatures" name="test_01_subscribe_to_push_notifications" time="0.355" /><testcase classname="backend.tests.test_new_features.TestNotificationFeatures" name="test_02_subscribe_duplicate" time="0.056" /><testcase classname="backend.tests.test_new_features.TestNotificationFeatures" name="test_03_get_notifications" time="0.047" /><testcase classname="backend.tests.test_new_features.TestNotificationFeatures" name="test_04_unsubscribe_from_push" time="0.039" /><testcase classname="backend.tests.test_new_features.TestProfessionalProfileWithIdNumber" name="test_01_create_profile_with_id_number" time="0.376" /><testcase classname="backend.tests.test_new_features.TestProfessionalProfileWithIdNumber" name="test_02_get_profile_with_id_number" time="0.047" /><testcase classname="backend.tests.test_new_features.TestProfessionalProfileWithIdNumber" name="test_03_update_profile_id_number" time="0.090" /><testcase classname="backend.tests.test_new_features.TestJobsFilteredByProfession" name="test_01_client_posts_plumbing_job" time="0.990" /><testcase classname="backend.tests.test_new_features.TestJobsFilteredByProfession" name="test_02_plumber_sees_plumbing_job" time="0.047" /><testcase classname="backend.tests.test_new_features.TestJobsFilteredByProfession" name="test_03_electrician_does_not_see_plumbing_job" time="0.042" /><testcase classname="backend.tests.test_new_features.TestAiBidSuggestion" name="test_01_get_ai_bid_suggestion" time="1.280" /><testcase classname="backend.tests.test_new_features.TestAiBidSuggestion" name="test_02_ai_suggestion_requires_profile" time="0.298" /><testcase classname="backend.tests.test_new_features.TestGeolocationFiltering" name="test_01_post_job_with_geolocation" time="0.624" /><testcase classname="backend.tests.test_new_features.TestGeolocationFiltering" name="test_02_available_jobs_include_location_match" time="0.040" /></testsuite></testsuites>