<?xml version="1.0" encoding="utf-8"?><testsuites name="pytest tests"><testsuite name="pytest" errors="0" failures="1" skipped="0" tests="34" time="2.913" timestamp="2026-01-25T06:31:48.146708+00:00" hostname="agent-env-12772c43-8cd7-4043-8398-bb3f7133bc77"><testcase classname="backend.tests.test_kazi_links.TestAuthEndpoints" name="test_01_register_client" time="0.316" /><testcase classname="backend.tests.test_kazi_links.TestAuthEndpoints" name="test_02_register_professional" time="0.259" /><testcase classname="backend.tests.test_kazi_links.TestAuthEndpoints" name="test_03_login_client" time="0.265" /><testcase classname="backend.tests.test_kazi_links.TestAuthEndpoints" name="test_04_login_professional" time="0.260" /><testcase classname="backend.tests.test_kazi_links.TestAuthEndpoints" name="test_05_login_invalid_credentials" time="0.075" /><testcase classname="backend.tests.test_kazi_links.TestAuthEndpoints" name="test_06_get_current_user" time="0.034" /><testcase classname="backend.tests.test_kazi_links.TestProfessionalProfile" name="test_01_create_professional_profile" time="0.041" /><testcase classname="backend.tests.test_kazi_links.TestProfessionalProfile" name="test_02_get_professional_profile" time="0.040" /><testcase classname="backend.tests.test_kazi_links.TestProfessionalProfile" name="test_03_update_availability" time="0.034" /><testcase classname="backend.tests.test_kazi_links.TestProfessionalProfile" name="test_04_search_professionals" time="0.037" /><testcase classname="backend.tests.test_kazi_links.TestJobPosting" name="test_01_create_job" time="0.077" /><testcase classname="backend.tests.test_kazi_links.TestJobPosting" name="test_02_get_client_jobs" time="0.037" /><testcase classname="backend.tests.test_kazi_links.TestJobPosting" name="test_03_get_available_jobs_for_professional" time="0.036" /><testcase classname="backend.tests.test_kazi_links.TestJobPosting" name="test_04_get_job_detail" time="0.035" /><testcase classname="backend.tests.test_kazi_links.TestBiddingSystem" name="test_01_professional_submits_bid" time="0.089" /><testcase classname="backend.tests.test_kazi_links.TestBiddingSystem" name="test_02_professional_cannot_bid_twice" time="0.036" /><testcase classname="backend.tests.test_kazi_links.TestBiddingSystem" name="test_03_get_my_bids" time="0.034" /><testcase classname="backend.tests.test_kazi_links.TestBiddingSystem" name="test_04_client_views_job_bids" time="0.034" /><testcase classname="backend.tests.test_kazi_links.TestBiddingSystem" name="test_05_client_accepts_bid" time="0.041" /><testcase classname="backend.tests.test_kazi_links.TestBookingsAndPayments" name="test_01_get_client_bookings" time="0.088" /><testcase classname="backend.tests.test_kazi_links.TestBookingsAndPayments" name="test_02_get_professional_bookings" time="0.040" /><testcase classname="backend.tests.test_kazi_links.TestBookingsAndPayments" name="test_03_initiate_payment" time="0.035" /><testcase classname="backend.tests.test_kazi_links.TestBookingsAndPayments" name="test_04_professional_starts_work" time="0.040" /><testcase classname="backend.tests.test_kazi_links.TestBookingsAndPayments" name="test_05_professional_completes_work" time="0.033" /><testcase classname="backend.tests.test_kazi_links.TestBookingsAndPayments" name="test_06_client_releases_payment" time="0.032" /><testcase classname="backend.tests.test_kazi_links.TestReviewSystem" name="test_01_client_submits_review" time="0.043" /><testcase classname="backend.tests.test_kazi_links.TestReviewSystem" name="test_02_get_professional_reviews" time="0.031" /><testcase classname="backend.tests.test_kazi_links.TestReviewSystem" name="test_03_verify_professional_rating_updated" time="0.037" /><testcase classname="backend.tests.test_kazi_links.TestRebooking" name="test_01_client_rebooks_professional" time="0.039" /><testcase classname="backend.tests.test_kazi_links.TestDashboards" name="test_01_client_dashboard" time="0.034" /><testcase classname="backend.tests.test_kazi_links.TestDashboards" name="test_02_professional_dashboard" time="0.038" /><testcase classname="backend.tests.test_kazi_links.TestDashboards" name="test_03_professional_dashboard_bids_info" time="0.036"><failure message="AssertionError: assert 'rejected' in {'accepted': 1, 'pending': 0}">backend/tests/test_kazi_links.py:508: in test_03_professional_dashboard_bids_info
    assert "rejected" in data["bids"]
E   AssertionError: assert 'rejected' in {'accepted': 1, 'pending': 0}</failure></testcase><testcase classname="backend.tests.test_kazi_links.TestCategories" name="test_01_get_categories" time="0.037" /><testcase classname="backend.tests.test_kazi_links.TestAIMatching" name="test_01_ai_match_professionals" time="0.408" /></testsuite></testsuites>