<?xml version="1.0" encoding="utf-8"?><testsuites name="pytest tests"><testsuite name="pytest" errors="0" failures="0" skipped="0" tests="23" time="12.230" timestamp="2026-03-15T12:26:32.440395+00:00" hostname="agent-env-12772c43-8cd7-4043-8398-bb3f7133bc77"><testcase classname="backend.tests.test_admin_dashboard.TestAdminAuth" name="test_admin_login" time="0.480" /><testcase classname="backend.tests.test_admin_dashboard.TestAdminStats" name="test_admin_stats_returns_user_stats" time="0.509" /><testcase classname="backend.tests.test_admin_dashboard.TestAdminStats" name="test_admin_stats_returns_job_stats" time="0.460" /><testcase classname="backend.tests.test_admin_dashboard.TestAdminStats" name="test_admin_stats_returns_booking_stats" time="0.454" /><testcase classname="backend.tests.test_admin_dashboard.TestAdminStats" name="test_admin_stats_returns_bid_stats" time="0.477" /><testcase classname="backend.tests.test_admin_dashboard.TestAdminStats" name="test_admin_stats_returns_financial_stats" time="0.474" /><testcase classname="backend.tests.test_admin_dashboard.TestAdminStats" name="test_admin_stats_returns_review_stats" time="0.444" /><testcase classname="backend.tests.test_admin_dashboard.TestAdminStats" name="test_admin_stats_requires_admin_role" time="0.436" /><testcase classname="backend.tests.test_admin_dashboard.TestAdminDashboard" name="test_admin_dashboard_returns_recent_activity" time="0.447" /><testcase classname="backend.tests.test_admin_dashboard.TestAdminDashboard" name="test_admin_dashboard_returns_charts_data" time="0.451" /><testcase classname="backend.tests.test_admin_dashboard.TestAdminDashboard" name="test_admin_dashboard_returns_jobs_by_category" time="0.450" /><testcase classname="backend.tests.test_admin_dashboard.TestAdminDashboard" name="test_admin_dashboard_returns_top_professionals" time="0.475" /><testcase classname="backend.tests.test_admin_dashboard.TestAdminDashboard" name="test_admin_dashboard_returns_top_earners" time="0.473" /><testcase classname="backend.tests.test_admin_dashboard.TestAdminDashboard" name="test_admin_dashboard_requires_admin_role" time="0.470" /><testcase classname="backend.tests.test_admin_dashboard.TestAdminUsers" name="test_admin_users_returns_user_list" time="0.453" /><testcase classname="backend.tests.test_admin_dashboard.TestAdminUsers" name="test_admin_users_filter_by_role" time="0.441" /><testcase classname="backend.tests.test_admin_dashboard.TestAdminUsers" name="test_admin_users_search" time="0.440" /><testcase classname="backend.tests.test_admin_dashboard.TestAdminUsers" name="test_admin_users_pagination" time="0.427" /><testcase classname="backend.tests.test_admin_dashboard.TestAdminUsers" name="test_admin_users_requires_admin_role" time="0.433" /><testcase classname="backend.tests.test_admin_dashboard.TestAdminUserStatus" name="test_admin_can_deactivate_user" time="0.877" /><testcase classname="backend.tests.test_admin_dashboard.TestAdminUserStatus" name="test_admin_can_activate_user" time="1.000" /><testcase classname="backend.tests.test_admin_dashboard.TestAdminUserStatus" name="test_admin_status_update_nonexistent_user" time="0.433" /><testcase classname="backend.tests.test_admin_dashboard.TestAdminUserStatus" name="test_admin_status_requires_admin_role" time="1.076" /></testsuite></testsuites>