<?xml version="1.0" encoding="utf-8"?><testsuites name="pytest tests"><testsuite name="pytest" errors="4" failures="2" skipped="0" tests="16" time="1.646" timestamp="2026-05-22T23:13:31.922624+00:00" hostname="agent-env-53ec6981-02c0-4716-95c4-af8f505febae"><testcase classname="backend.tests.test_semantic_search.TestSearchFilterOnly" name="test_category_barber_location_karen_returns_barbers" time="0.298" /><testcase classname="backend.tests.test_semantic_search.TestSearchFilterOnly" name="test_category_tattoo_artist_snake_case_matches_profession" time="0.050" /><testcase classname="backend.tests.test_semantic_search.TestSearchFilterOnly" name="test_location_only_returns_all_in_location" time="0.066" /><testcase classname="backend.tests.test_semantic_search.TestSearchFilterOnly" name="test_no_params_returns_all_available" time="0.090" /><testcase classname="backend.tests.test_semantic_search.TestSemanticIntent" name="test_leaky_tap_returns_plumbers" time="0.055" /><testcase classname="backend.tests.test_semantic_search.TestSemanticIntent" name="test_haircut_returns_barbers" time="0.052" /><testcase classname="backend.tests.test_semantic_search.TestSemanticIntent" name="test_windshield_broken_returns_mechanics" time="0.113"><failure message="AssertionError: non-mechanic in results: ['electrician', 'electrician', 'mechanic', 'mechanic', 'mechanic', 'mechanic', 'electrician', 'electrician', 'electrician']&#10;assert False&#10; +  where False = all(&lt;generator object TestSemanticIntent.test_windshield_broken_returns_mechanics.&lt;locals&gt;.&lt;genexpr&gt; at 0xfc3524620930&gt;)">backend/tests/test_semantic_search.py:135: in test_windshield_broken_returns_mechanics
    assert all("mechanic" in p for p in profs), f"non-mechanic in results: {profs}"
E   AssertionError: non-mechanic in results: ['electrician', 'electrician', 'mechanic', 'mechanic', 'mechanic', 'mechanic', 'electrician', 'electrician', 'electrician']
E   assert False
E    +  where False = all(&lt;generator object TestSemanticIntent.test_windshield_broken_returns_mechanics.&lt;locals&gt;.&lt;genexpr&gt; at 0xfc3524620930&gt;)</failure></testcase><testcase classname="backend.tests.test_semantic_search.TestSemanticIntent" name="test_power_socket_returns_electricians" time="0.047" /><testcase classname="backend.tests.test_semantic_search.TestNameSearch" name="test_name_john_returns_john_kamau" time="0.074" /><testcase classname="backend.tests.test_semantic_search.TestScoringRequiresHit" name="test_garbage_query_with_no_filters_returns_empty" time="0.050" /><testcase classname="backend.tests.test_semantic_search.TestMatchHybridRegression" name="test_match_returns_hybrid_fields" time="0.272"><error message="failed on setup with &quot;KeyError: 'token'&quot;">backend/tests/test_semantic_search.py:56: in client_token
    return r.json()["token"]
           ^^^^^^^^^^^^^^^^^
E   KeyError: 'token'</error></testcase><testcase classname="backend.tests.test_semantic_search.TestRegression" name="test_login_admin" time="0.271"><failure message="AssertionError: assert 'token' in {'access_token': 'eyJhbGciOiJIUzI1NiIsInR5cCI6IkpXVCJ9.eyJzdWIiOiJhMWJhZDUzZS0wZGM5LTQ5MjEtYmU4Zi02Zjg2MjVhMzRlZjQiLCJyb2xlIjoiYWRtaW4iLCJleHAiOjE3Nzk1NzgwMTN9.Yz3LnFDHzoY4cKv3vX7k1ei369WPx-gkACoOWtFY5sA', 'token_type': 'bearer', 'user': {'created_at': '2026-03-15T12:23:10.228990Z', 'display_id': None, 'email': 'admin@kazilinks.com', 'id': 'a1bad53e-0dc9-4921-be8f-6f8625a34ef4', ...}}&#10; +  where {'access_token': 'eyJhbGciOiJIUzI1NiIsInR5cCI6IkpXVCJ9.eyJzdWIiOiJhMWJhZDUzZS0wZGM5LTQ5MjEtYmU4Zi02Zjg2MjVhMzRlZjQiLCJyb2xlIjoiYWRtaW4iLCJleHAiOjE3Nzk1NzgwMTN9.Yz3LnFDHzoY4cKv3vX7k1ei369WPx-gkACoOWtFY5sA', 'token_type': 'bearer', 'user': {'created_at': '2026-03-15T12:23:10.228990Z', 'display_id': None, 'email': 'admin@kazilinks.com', 'id': 'a1bad53e-0dc9-4921-be8f-6f8625a34ef4', ...}} = json()&#10; +    where json = &lt;Response [200]&gt;.json">backend/tests/test_semantic_search.py:193: in test_login_admin
    assert "token" in r.json()
E   AssertionError: assert 'token' in {'access_token': 'eyJhbGciOiJIUzI1NiIsInR5cCI6IkpXVCJ9.eyJzdWIiOiJhMWJhZDUzZS0wZGM5LTQ5MjEtYmU4Zi02Zjg2MjVhMzRlZjQiLCJyb2xlIjoiYWRtaW4iLCJleHAiOjE3Nzk1NzgwMTN9.Yz3LnFDHzoY4cKv3vX7k1ei369WPx-gkACoOWtFY5sA', 'token_type': 'bearer', 'user': {'created_at': '2026-03-15T12:23:10.228990Z', 'display_id': None, 'email': 'admin@kazilinks.com', 'id': 'a1bad53e-0dc9-4921-be8f-6f8625a34ef4', ...}}
E    +  where {'access_token': 'eyJhbGciOiJIUzI1NiIsInR5cCI6IkpXVCJ9.eyJzdWIiOiJhMWJhZDUzZS0wZGM5LTQ5MjEtYmU4Zi02Zjg2MjVhMzRlZjQiLCJyb2xlIjoiYWRtaW4iLCJleHAiOjE3Nzk1NzgwMTN9.Yz3LnFDHzoY4cKv3vX7k1ei369WPx-gkACoOWtFY5sA', 'token_type': 'bearer', 'user': {'created_at': '2026-03-15T12:23:10.228990Z', 'display_id': None, 'email': 'admin@kazilinks.com', 'id': 'a1bad53e-0dc9-4921-be8f-6f8625a34ef4', ...}} = json()
E    +    where json = &lt;Response [200]&gt;.json</failure></testcase><testcase classname="backend.tests.test_semantic_search.TestRegression" name="test_get_professional_detail" time="0.101" /><testcase classname="backend.tests.test_semantic_search.TestRegression" name="test_jobs_list" time="0.000"><error message="failed on setup with &quot;KeyError: 'token'&quot;">backend/tests/test_semantic_search.py:56: in client_token
    return r.json()["token"]
           ^^^^^^^^^^^^^^^^^
E   KeyError: 'token'</error></testcase><testcase classname="backend.tests.test_semantic_search.TestRegression" name="test_wallet_balance" time="0.000"><error message="failed on setup with &quot;KeyError: 'token'&quot;">backend/tests/test_semantic_search.py:56: in client_token
    return r.json()["token"]
           ^^^^^^^^^^^^^^^^^
E   KeyError: 'token'</error></testcase><testcase classname="backend.tests.test_semantic_search.TestRegression" name="test_conversations_list" time="0.000"><error message="failed on setup with &quot;KeyError: 'token'&quot;">backend/tests/test_semantic_search.py:56: in client_token
    return r.json()["token"]
           ^^^^^^^^^^^^^^^^^
E   KeyError: 'token'</error></testcase></testsuite></testsuites>